#
# There is insufficient memory for the Java Runtime Environment to continue.
# Native memory allocation (malloc) failed to allocate 1118096 bytes for Chunk::new
# Possible reasons:
#   The system is out of physical RAM or swap space
#   The process is running with CompressedOops enabled, and the Java Heap may be blocking the growth of the native heap
# Possible solutions:
#   Reduce memory load on the system
#   Increase physical memory or swap space
#   Check if swap backing store is full
#   Decrease Java heap size (-Xmx/-Xms)
#   Decrease number of Java threads
#   Decrease Java thread stack sizes (-Xss)
#   Set larger code cache with -XX:ReservedCodeCacheSize=
#   JVM is running with Unscaled Compressed Oops mode in which the Java heap is
#     placed in the first 4GB address space. The Java Heap base address is the
#     maximum limit for the native heap growth. Please use -XX:HeapBaseMinAddress
#     to set the Java Heap base and to place the Java Heap above 4GB virtual address.
# This output file may be truncated or incomplete.
#
#  Out of Memory Error (allocation.cpp:389), pid=12512, tid=0x0000000000002ee0
#
# JRE version: OpenJDK Runtime Environment (8.0_242-b01) (build 1.8.0_242-release-1644-b01)
# Java VM: OpenJDK 64-Bit Server VM (25.242-b01 mixed mode windows-amd64 compressed oops)
# Failed to write core dump. Minidumps are not enabled by default on client versions of Windows
#

---------------  T H R E A D  ---------------

Current thread (0x0000000018132000):  JavaThread "C2 CompilerThread2" daemon [_thread_in_native, id=12000, stack(0x0000000018c00000,0x0000000018d00000)]

Stack: [0x0000000018c00000,0x0000000018d00000]
[error occurred during error reporting (printing stack bounds), id 0xc0000005]

Native frames: (J=compiled Java code, j=interpreted, Vv=VM code, C=native code)


Current CompileTask:
C2:   6638 2516   !   4       java.lang.ClassLoader::getPackage (118 bytes)


---------------  P R O C E S S  ---------------

Java Threads: ( => current thread )
  0x0000000019e9b800 JavaThread "Cache worker for file content cache (C:\Users\acer\.gradle\caches\6.7\fileContent)" [_thread_blocked, id=12408, stack(0x000000001f3f0000,0x000000001f4f0000)]
  0x0000000018134000 JavaThread "jar transforms" [_thread_blocked, id=11280, stack(0x000000001f2f0000,0x000000001f3f0000)]
  0x0000000018133800 JavaThread "Cache worker for execution history cache (C:\Users\acer\.gradle\caches\6.7\executionHistory)" [_thread_blocked, id=10704, stack(0x000000001ebf0000,0x000000001ecf0000)]
  0x0000000018132800 JavaThread "Cache worker for cache directory md-rule (C:\Users\acer\.gradle\caches\6.7\md-rule)" [_thread_blocked, id=15568, stack(0x000000001eaf0000,0x000000001ebf0000)]
  0x0000000018131000 JavaThread "Cache worker for cache directory md-supplier (C:\Users\acer\.gradle\caches\6.7\md-supplier)" [_thread_blocked, id=9884, stack(0x000000001e7f0000,0x000000001e8f0000)]
  0x0000000018130800 JavaThread "Cache worker for checksums cache (C:\Users\acer\AndroidStudioProjects\sandhya_garments\android\.gradle\checksums)" [_thread_blocked, id=10244, stack(0x000000001e6f0000,0x000000001e7f0000)]
  0x000000001812f000 JavaThread "Cache worker for file hash cache (C:\Users\acer\AndroidStudioProjects\sandhya_garments\android\.gradle\6.7\fileHashes)" [_thread_blocked, id=8612, stack(0x000000001e5f0000,0x000000001e6f0000)]
  0x000000001812f800 JavaThread "Cache worker for journal cache (C:\Users\acer\.gradle\caches\journal-1)" [_thread_blocked, id=11884, stack(0x000000001e0f0000,0x000000001e1f0000)]
  0x000000001812e000 JavaThread "File lock request listener" [_thread_in_native, id=16064, stack(0x000000001d020000,0x000000001d120000)]
  0x00000000192bf800 JavaThread "Cache worker for file hash cache (C:\Users\acer\.gradle\caches\6.7\fileHashes)" [_thread_blocked, id=11600, stack(0x000000001cf20000,0x000000001d020000)]
  0x000000001abec000 JavaThread "Thread-9" [_thread_blocked, id=7752, stack(0x000000001cc20000,0x000000001cd20000)]
  0x000000001ac01800 JavaThread "Stdin handler" [_thread_blocked, id=8120, stack(0x000000001cb20000,0x000000001cc20000)]
  0x000000001abcc800 JavaThread "Asynchronous log dispatcher for DefaultDaemonConnection: socket connection from /127.0.0.1:55602 to /127.0.0.1:55603" [_thread_blocked, id=11448, stack(0x000000001ca20000,0x000000001cb20000)]
  0x000000001abca800 JavaThread "Daemon worker" [_thread_in_native, id=8824, stack(0x000000001c920000,0x000000001ca20000)]
  0x000000001abc2000 JavaThread "Cancel handler" [_thread_blocked, id=8448, stack(0x000000001c720000,0x000000001c820000)]
  0x000000001aba8800 JavaThread "Handler for socket connection from /127.0.0.1:55602 to /127.0.0.1:55603" [_thread_in_native, id=11944, stack(0x000000001c620000,0x000000001c720000)]
  0x000000001aba3800 JavaThread "Daemon" [_thread_blocked, id=11736, stack(0x000000001c320000,0x000000001c420000)]
  0x000000001ab88800 JavaThread "Daemon periodic checks" [_thread_blocked, id=14444, stack(0x000000001c220000,0x000000001c320000)]
  0x000000001ab44000 JavaThread "Incoming local TCP Connector on port 55602" [_thread_in_native, id=2924, stack(0x000000001bfe0000,0x000000001c0e0000)]
  0x000000001aa78000 JavaThread "Daemon health stats" [_thread_blocked, id=11300, stack(0x000000001b9a0000,0x000000001baa0000)]
  0x00000000181af800 JavaThread "Service Thread" daemon [_thread_blocked, id=11720, stack(0x0000000018e00000,0x0000000018f00000)]
  0x0000000018135000 JavaThread "C1 CompilerThread3" daemon [_thread_blocked, id=8688, stack(0x0000000018d00000,0x0000000018e00000)]
=>0x0000000018132000 JavaThread "C2 CompilerThread2" daemon [_thread_in_native, id=12000, stack(0x0000000018c00000,0x0000000018d00000)]
  0x0000000018129000 JavaThread "C2 CompilerThread1" daemon [_thread_in_native, id=5204, stack(0x0000000018b00000,0x0000000018c00000)]
  0x0000000018122000 JavaThread "C2 CompilerThread0" daemon [_thread_in_native, id=16172, stack(0x0000000018a00000,0x0000000018b00000)]
  0x0000000018120800 JavaThread "Attach Listener" daemon [_thread_blocked, id=12104, stack(0x0000000018900000,0x0000000018a00000)]
  0x000000001633e000 JavaThread "Signal Dispatcher" daemon [_thread_blocked, id=15368, stack(0x0000000018800000,0x0000000018900000)]
  0x0000000018111800 JavaThread "Finalizer" daemon [_thread_blocked, id=9660, stack(0x00000000185f0000,0x00000000186f0000)]
  0x0000000002537800 JavaThread "Reference Handler" daemon [_thread_blocked, id=8884, stack(0x00000000184f0000,0x00000000185f0000)]
  0x000000000064e800 JavaThread "main" [_thread_blocked, id=13544, stack(0x0000000002320000,0x0000000002420000)]

Other Threads:
  0x0000000016326800 VMThread [stack: 0x0000000017ff0000,0x00000000180f0000] [id=7088]
  0x00000000181b0000 WatcherThread [stack: 0x0000000018f00000,0x0000000019000000] [id=9656]

VM state:not at safepoint (normal execution)

VM Mutex/Monitor currently owned by a thread: None

heap address: 0x00000000a0000000, size: 1536 MB, Compressed Oops mode: 32-bit
Narrow klass base: 0x0000000000000000, Narrow klass shift: 3
Compressed class space size: 1073741824 Address: 0x0000000100000000

Heap:
 PSYoungGen      total 71680K, used 10886K [0x00000000e0000000, 0x00000000e5480000, 0x0000000100000000)
  eden space 64512K, 5% used [0x00000000e0000000,0x00000000e03a9768,0x00000000e3f00000)
  from space 7168K, 99% used [0x00000000e4680000,0x00000000e4d78128,0x00000000e4d80000)
  to   space 5120K, 0% used [0x00000000e4f80000,0x00000000e4f80000,0x00000000e5480000)
 ParOldGen       total 44544K, used 10654K [0x00000000a0000000, 0x00000000a2b80000, 0x00000000e0000000)
  object space 44544K, 23% used [0x00000000a0000000,0x00000000a0a67a30,0x00000000a2b80000)
 Metaspace       used 32142K, capacity 33134K, committed 33280K, reserved 1077248K
  class space    used 4467K, capacity 4737K, committed 4864K, reserved 1048576K

Card table byte_map: [0x0000000011910000,0x0000000011c20000] byte_map_base: 0x0000000011410000

Marking Bits: (ParMarkBitMap*) 0x0000000066d7f030
 Begin Bits: [0x0000000012620000, 0x0000000013e20000)
 End Bits:   [0x0000000013e20000, 0x0000000015620000)

Polling page: 0x0000000002420000

CodeCache: size=245760Kb used=9861Kb max_used=9861Kb free=235898Kb
 bounds [0x0000000002550000, 0x0000000002f00000, 0x0000000011550000]
 total_blobs=3274 nmethods=2598 adapters=589
 compilation: enabled

Compilation events (10 events):
Event: 6.625 Thread 0x0000000018135000 2610       1       java.lang.Boolean::booleanValue (5 bytes)
Event: 6.625 Thread 0x0000000018135000 nmethod 2610 0x00000000026505d0 code [0x0000000002650720, 0x0000000002650830]
Event: 6.627 Thread 0x0000000018135000 2611       3       org.gradle.internal.time.MonotonicClock::getCurrentTime (70 bytes)
Event: 6.628 Thread 0x0000000018135000 nmethod 2611 0x0000000002ef1910 code [0x0000000002ef1b20, 0x0000000002ef2808]
Event: 6.628 Thread 0x0000000018135000 2612       3       org.gradle.internal.time.MonotonicClock::syncIsDue (28 bytes)
Event: 6.628 Thread 0x0000000018135000 nmethod 2612 0x0000000002ef3010 code [0x0000000002ef3180, 0x0000000002ef3470]
Event: 6.628 Thread 0x0000000018135000 2613       3       org.gradle.internal.time.MonotonicClock::advance (33 bytes)
Event: 6.628 Thread 0x0000000018135000 nmethod 2613 0x0000000002ef3590 code [0x0000000002ef3700, 0x0000000002ef3b50]
Event: 6.629 Thread 0x0000000018135000 2614       3       java.util.concurrent.locks.AbstractQueuedSynchronizer$ConditionObject::awaitNanos (156 bytes)
Event: 6.631 Thread 0x0000000018135000 nmethod 2614 0x0000000002ef3d10 code [0x0000000002ef4020, 0x0000000002ef5738]

GC Heap History (10 events):
Event: 4.628 GC heap before
{Heap before GC invocations=8 (full 0):
 PSYoungGen      total 31232K, used 27752K [0x00000000e0000000, 0x00000000e3c00000, 0x0000000100000000)
  eden space 23040K, 100% used [0x00000000e0000000,0x00000000e1680000,0x00000000e1680000)
  from space 8192K, 57% used [0x00000000e1680000,0x00000000e1b1a240,0x00000000e1e80000)
  to   space 7680K, 0% used [0x00000000e3480000,0x00000000e3480000,0x00000000e3c00000)
 ParOldGen       total 65536K, used 6444K [0x00000000a0000000, 0x00000000a4000000, 0x00000000e0000000)
  object space 65536K, 9% used [0x00000000a0000000,0x00000000a064b0b0,0x00000000a4000000)
 Metaspace       used 19204K, capacity 19818K, committed 20096K, reserved 1067008K
  class space    used 2726K, capacity 2899K, committed 2944K, reserved 1048576K
Event: 4.634 GC heap after
Heap after GC invocations=8 (full 0):
 PSYoungGen      total 53760K, used 4470K [0x00000000e0000000, 0x00000000e3c00000, 0x0000000100000000)
  eden space 46080K, 0% used [0x00000000e0000000,0x00000000e0000000,0x00000000e2d00000)
  from space 7680K, 58% used [0x00000000e3480000,0x00000000e38dd958,0x00000000e3c00000)
  to   space 7680K, 0% used [0x00000000e2d00000,0x00000000e2d00000,0x00000000e3480000)
 ParOldGen       total 65536K, used 7865K [0x00000000a0000000, 0x00000000a4000000, 0x00000000e0000000)
  object space 65536K, 12% used [0x00000000a0000000,0x00000000a07ae498,0x00000000a4000000)
 Metaspace       used 19204K, capacity 19818K, committed 20096K, reserved 1067008K
  class space    used 2726K, capacity 2899K, committed 2944K, reserved 1048576K
}
Event: 4.921 GC heap before
{Heap before GC invocations=9 (full 0):
 PSYoungGen      total 53760K, used 27956K [0x00000000e0000000, 0x00000000e3c00000, 0x0000000100000000)
  eden space 46080K, 50% used [0x00000000e0000000,0x00000000e16ef928,0x00000000e2d00000)
  from space 7680K, 58% used [0x00000000e3480000,0x00000000e38dd958,0x00000000e3c00000)
  to   space 7680K, 0% used [0x00000000e2d00000,0x00000000e2d00000,0x00000000e3480000)
 ParOldGen       total 65536K, used 7865K [0x00000000a0000000, 0x00000000a4000000, 0x00000000e0000000)
  object space 65536K, 12% used [0x00000000a0000000,0x00000000a07ae498,0x00000000a4000000)
 Metaspace       used 20616K, capacity 21250K, committed 21296K, reserved 1067008K
  class space    used 2962K, capacity 3175K, committed 3200K, reserved 1048576K
Event: 4.926 GC heap after
Heap after GC invocations=9 (full 0):
 PSYoungGen      total 53760K, used 3370K [0x00000000e0000000, 0x00000000e5700000, 0x0000000100000000)
  eden space 46080K, 0% used [0x00000000e0000000,0x00000000e0000000,0x00000000e2d00000)
  from space 7680K, 43% used [0x00000000e2d00000,0x00000000e304a968,0x00000000e3480000)
  to   space 7680K, 0% used [0x00000000e4f80000,0x00000000e4f80000,0x00000000e5700000)
 ParOldGen       total 65536K, used 9032K [0x00000000a0000000, 0x00000000a4000000, 0x00000000e0000000)
  object space 65536K, 13% used [0x00000000a0000000,0x00000000a08d21b8,0x00000000a4000000)
 Metaspace       used 20616K, capacity 21250K, committed 21296K, reserved 1067008K
  class space    used 2962K, capacity 3175K, committed 3200K, reserved 1048576K
}
Event: 4.926 GC heap before
{Heap before GC invocations=10 (full 1):
 PSYoungGen      total 53760K, used 3370K [0x00000000e0000000, 0x00000000e5700000, 0x0000000100000000)
  eden space 46080K, 0% used [0x00000000e0000000,0x00000000e0000000,0x00000000e2d00000)
  from space 7680K, 43% used [0x00000000e2d00000,0x00000000e304a968,0x00000000e3480000)
  to   space 7680K, 0% used [0x00000000e4f80000,0x00000000e4f80000,0x00000000e5700000)
 ParOldGen       total 65536K, used 9032K [0x00000000a0000000, 0x00000000a4000000, 0x00000000e0000000)
  object space 65536K, 13% used [0x00000000a0000000,0x00000000a08d21b8,0x00000000a4000000)
 Metaspace       used 20616K, capacity 21250K, committed 21296K, reserved 1067008K
  class space    used 2962K, capacity 3175K, committed 3200K, reserved 1048576K
Event: 4.968 GC heap after
Heap after GC invocations=10 (full 1):
 PSYoungGen      total 53760K, used 0K [0x00000000e0000000, 0x00000000e5700000, 0x0000000100000000)
  eden space 46080K, 0% used [0x00000000e0000000,0x00000000e0000000,0x00000000e2d00000)
  from space 7680K, 0% used [0x00000000e2d00000,0x00000000e2d00000,0x00000000e3480000)
  to   space 7680K, 0% used [0x00000000e4f80000,0x00000000e4f80000,0x00000000e5700000)
 ParOldGen       total 44544K, used 8244K [0x00000000a0000000, 0x00000000a2b80000, 0x00000000e0000000)
  object space 44544K, 18% used [0x00000000a0000000,0x00000000a080d2b0,0x00000000a2b80000)
 Metaspace       used 20616K, capacity 21250K, committed 21296K, reserved 1067008K
  class space    used 2962K, capacity 3175K, committed 3200K, reserved 1048576K
}
Event: 5.588 GC heap before
{Heap before GC invocations=11 (full 1):
 PSYoungGen      total 53760K, used 46080K [0x00000000e0000000, 0x00000000e5700000, 0x0000000100000000)
  eden space 46080K, 100% used [0x00000000e0000000,0x00000000e2d00000,0x00000000e2d00000)
  from space 7680K, 0% used [0x00000000e2d00000,0x00000000e2d00000,0x00000000e3480000)
  to   space 7680K, 0% used [0x00000000e4f80000,0x00000000e4f80000,0x00000000e5700000)
 ParOldGen       total 44544K, used 8244K [0x00000000a0000000, 0x00000000a2b80000, 0x00000000e0000000)
  object space 44544K, 18% used [0x00000000a0000000,0x00000000a080d2b0,0x00000000a2b80000)
 Metaspace       used 24749K, capacity 25550K, committed 25856K, reserved 1071104K
  class space    used 3538K, capacity 3737K, committed 3840K, reserved 1048576K
Event: 5.598 GC heap after
Heap after GC invocations=11 (full 1):
 PSYoungGen      total 69632K, used 4957K [0x00000000e0000000, 0x00000000e5480000, 0x0000000100000000)
  eden space 64512K, 0% used [0x00000000e0000000,0x00000000e0000000,0x00000000e3f00000)
  from space 5120K, 96% used [0x00000000e4f80000,0x00000000e5457748,0x00000000e5480000)
  to   space 7168K, 0% used [0x00000000e4680000,0x00000000e4680000,0x00000000e4d80000)
 ParOldGen       total 44544K, used 8252K [0x00000000a0000000, 0x00000000a2b80000, 0x00000000e0000000)
  object space 44544K, 18% used [0x00000000a0000000,0x00000000a080f2b0,0x00000000a2b80000)
 Metaspace       used 24749K, capacity 25550K, committed 25856K, reserved 1071104K
  class space    used 3538K, capacity 3737K, committed 3840K, reserved 1048576K
}
Event: 6.568 GC heap before
{Heap before GC invocations=12 (full 1):
 PSYoungGen      total 69632K, used 69469K [0x00000000e0000000, 0x00000000e5480000, 0x0000000100000000)
  eden space 64512K, 100% used [0x00000000e0000000,0x00000000e3f00000,0x00000000e3f00000)
  from space 5120K, 96% used [0x00000000e4f80000,0x00000000e5457748,0x00000000e5480000)
  to   space 7168K, 0% used [0x00000000e4680000,0x00000000e4680000,0x00000000e4d80000)
 ParOldGen       total 44544K, used 8252K [0x00000000a0000000, 0x00000000a2b80000, 0x00000000e0000000)
  object space 44544K, 18% used [0x00000000a0000000,0x00000000a080f2b0,0x00000000a2b80000)
 Metaspace       used 31850K, capacity 32808K, committed 32896K, reserved 1077248K
  class space    used 4419K, capacity 4672K, committed 4736K, reserved 1048576K
Event: 6.584 GC heap after
Heap after GC invocations=12 (full 1):
 PSYoungGen      total 71680K, used 7136K [0x00000000e0000000, 0x00000000e5480000, 0x0000000100000000)
  eden space 64512K, 0% used [0x00000000e0000000,0x00000000e0000000,0x00000000e3f00000)
  from space 7168K, 99% used [0x00000000e4680000,0x00000000e4d78128,0x00000000e4d80000)
  to   space 5120K, 0% used [0x00000000e4f80000,0x00000000e4f80000,0x00000000e5480000)
 ParOldGen       total 44544K, used 10654K [0x00000000a0000000, 0x00000000a2b80000, 0x00000000e0000000)
  object space 44544K, 23% used [0x00000000a0000000,0x00000000a0a67a30,0x00000000a2b80000)
 Metaspace       used 31850K, capacity 32808K, committed 32896K, reserved 1077248K
  class space    used 4419K, capacity 4672K, committed 4736K, reserved 1048576K
}

Deoptimization events (10 events):
Event: 5.066 Thread 0x000000001abca800 Uncommon trap: reason=unstable_if action=reinterpret pc=0x0000000002866c9c method=java.io.WinNTFileSystem.resolve(Ljava/lang/String;Ljava/lang/String;)Ljava/lang/String; @ 49
Event: 5.877 Thread 0x000000001abca800 Uncommon trap: reason=unstable_if action=reinterpret pc=0x0000000002a92e8c method=jdk.internal.org.objectweb.asm.Type.getArgumentsAndReturnSizes(Ljava/lang/String;)I @ 88
Event: 5.925 Thread 0x000000001abca800 Uncommon trap: reason=unstable_if action=reinterpret pc=0x0000000002aa89e0 method=java.net.URLClassLoader.defineClass(Ljava/lang/String;Lsun/misc/Resource;)Ljava/lang/Class; @ 21
Event: 5.926 Thread 0x000000001abca800 Uncommon trap: reason=unstable_if action=reinterpret pc=0x0000000002a4bf20 method=java.lang.ClassLoader.getClassLoadingLock(Ljava/lang/String;)Ljava/lang/Object; @ 6
Event: 6.543 Thread 0x000000001abca800 Uncommon trap: reason=unstable_if action=reinterpret pc=0x0000000002e8f498 method=java.util.HashMap.getNode(ILjava/lang/Object;)Ljava/util/HashMap$Node; @ 53
Event: 6.543 Thread 0x000000001abca800 Uncommon trap: reason=unstable_if action=reinterpret pc=0x0000000002ae2e70 method=java.util.HashMap.hash(Ljava/lang/Object;)I @ 1
Event: 6.543 Thread 0x000000001abca800 Uncommon trap: reason=unstable_if action=reinterpret pc=0x0000000002ca89ac method=java.util.HashMap.putVal(ILjava/lang/Object;Ljava/lang/Object;ZZ)Ljava/lang/Object; @ 85
Event: 6.548 Thread 0x000000001abca800 Uncommon trap: reason=unstable_if action=reinterpret pc=0x0000000002e6346c method=org.gradle.internal.reflect.PropertyAccessorType.isGetGetterName(Ljava/lang/String;)Z @ 14
Event: 6.585 Thread 0x0000000002537800 Uncommon trap: reason=unstable_if action=reinterpret pc=0x0000000002a9788c method=java.lang.ref.Reference.tryHandlePending(Z)Z @ 104
Event: 6.605 Thread 0x000000001abca800 Uncommon trap: reason=unstable_if action=reinterpret pc=0x0000000002c4b540 method=org.objectweb.asm.ByteVector.putShort(I)Lorg/objectweb/asm/ByteVector; @ 13

Classes redefined (0 events):
No events

Internal exceptions (10 events):
Event: 6.135 Thread 0x000000001abca800 Exception <a 'java/lang/ClassNotFoundException': groovy/lang/GStringBeanInfo> (0x00000000e20a7b88) thrown at [C:\src\AOSP-openjdk-git\hotspot\src\share\vm\classfile\systemDictionary.cpp, line 210]
Event: 6.136 Thread 0x000000001abca800 Exception <a 'java/lang/ClassNotFoundException': groovy/lang/GStringCustomizer> (0x00000000e20c9aa8) thrown at [C:\src\AOSP-openjdk-git\hotspot\src\share\vm\classfile\systemDictionary.cpp, line 210]
Event: 6.138 Thread 0x000000001abca800 Exception <a 'java/lang/ClassNotFoundException': groovy/lang/GString$1Customizer> (0x00000000e20f7ec0) thrown at [C:\src\AOSP-openjdk-git\hotspot\src\share\vm\classfile\systemDictionary.cpp, line 210]
Event: 6.144 Thread 0x000000001abca800 Exception <a 'java/lang/ClassNotFoundException': org/codehaus/groovy/runtime/GStringImplBeanInfo> (0x00000000e21a7450) thrown at [C:\src\AOSP-openjdk-git\hotspot\src\share\vm\classfile\systemDictionary.cpp, line 210]
Event: 6.144 Thread 0x000000001abca800 Exception <a 'java/lang/ClassNotFoundException': org/codehaus/groovy/runtime/GStringImplCustomizer> (0x00000000e21d3c00) thrown at [C:\src\AOSP-openjdk-git\hotspot\src\share\vm\classfile\systemDictionary.cpp, line 210]
Event: 6.151 Thread 0x000000001abca800 Exception <a 'java/lang/ClassNotFoundException': org/gradle/api/internal/plugins/DefaultObjectConfigurationActionBeanInfo> (0x00000000e22526c0) thrown at [C:\src\AOSP-openjdk-git\hotspot\src\share\vm\classfile\systemDictionary.cpp, line 210]
Event: 6.151 Thread 0x000000001abca800 Exception <a 'java/lang/ClassNotFoundException': org/gradle/api/internal/plugins/DefaultObjectConfigurationActionCustomizer> (0x00000000e228c568) thrown at [C:\src\AOSP-openjdk-git\hotspot\src\share\vm\classfile\systemDictionary.cpp, line 210]
Event: 6.226 Thread 0x000000001abca800 Exception <a 'java/lang/ClassNotFoundException': app_plugin_loader_eelzbqrrayh29zskpxfj4mbt0BeanInfo> (0x00000000e2780408) thrown at [C:\src\AOSP-openjdk-git\hotspot\src\share\vm\classfile\systemDictionary.cpp, line 210]
Event: 6.226 Thread 0x000000001abca800 Exception <a 'java/lang/ClassNotFoundException': app_plugin_loader_eelzbqrrayh29zskpxfj4mbt0Customizer> (0x00000000e27853a0) thrown at [C:\src\AOSP-openjdk-git\hotspot\src\share\vm\classfile\systemDictionary.cpp, line 210]
Event: 6.543 Thread 0x000000001abca800 Implicit null exception at 0x0000000002ae2dd8 to 0x0000000002ae2e66

Events (10 events):
Event: 6.634 loading class org/gradle/tooling/internal/protocol/InternalLaunchable
Event: 6.634 loading class org/gradle/tooling/internal/protocol/InternalLaunchable done
Event: 6.635 loading class org/gradle/tooling/internal/protocol/InternalProtocolInterface
Event: 6.635 loading class org/gradle/tooling/internal/protocol/InternalProtocolInterface done
Event: 6.635 loading class org/gradle/tooling/internal/gradle/GradleProjectIdentity
Event: 6.635 loading class org/gradle/tooling/internal/gradle/GradleProjectIdentity done
Event: 6.635 loading class org/gradle/tooling/internal/gradle/GradleBuildIdentity
Event: 6.635 loading class org/gradle/tooling/internal/gradle/GradleBuildIdentity done
Event: 6.636 loading class org/gradle/plugins/ide/internal/tooling/model/LaunchableGradleProjectTask
Event: 6.636 loading class org/gradle/plugins/ide/internal/tooling/model/LaunchableGradleProjectTask done


Dynamic libraries:
0x00007ff630360000 - 0x00007ff630391000 	C:\Program Files\Android\Android Studio\jre\bin\java.exe
0x00007ffc0edd0000 - 0x00007ffc0efc5000 	C:\WINDOWS\SYSTEM32\ntdll.dll
0x00007ffc0dd30000 - 0x00007ffc0dded000 	C:\WINDOWS\System32\KERNEL32.DLL
0x00007ffc0c510000 - 0x00007ffc0c7d8000 	C:\WINDOWS\System32\KERNELBASE.dll
0x00007ffc0da20000 - 0x00007ffc0dacc000 	C:\WINDOWS\System32\ADVAPI32.dll
0x00007ffc0ded0000 - 0x00007ffc0df6e000 	C:\WINDOWS\System32\msvcrt.dll
0x00007ffc0e720000 - 0x00007ffc0e7bb000 	C:\WINDOWS\System32\sechost.dll
0x00007ffc0e7c0000 - 0x00007ffc0e8eb000 	C:\WINDOWS\System32\RPCRT4.dll
0x00007ffc0ebf0000 - 0x00007ffc0ed90000 	C:\WINDOWS\System32\USER32.dll
0x00007ffc0cbf0000 - 0x00007ffc0cc12000 	C:\WINDOWS\System32\win32u.dll
0x00007ffc0dd00000 - 0x00007ffc0dd2a000 	C:\WINDOWS\System32\GDI32.dll
0x00007ffc0cc20000 - 0x00007ffc0cd2b000 	C:\WINDOWS\System32\gdi32full.dll
0x00007ffc0c890000 - 0x00007ffc0c92d000 	C:\WINDOWS\System32\msvcp_win.dll
0x00007ffc0c990000 - 0x00007ffc0ca90000 	C:\WINDOWS\System32\ucrtbase.dll
0x00007ffbfdeb0000 - 0x00007ffbfe14a000 	C:\WINDOWS\WinSxS\amd64_microsoft.windows.common-controls_6595b64144ccf1df_6.0.19041.1052_none_60b8f8fd71f5e8cb\COMCTL32.dll
0x00007ffc0eab0000 - 0x00007ffc0eae0000 	C:\WINDOWS\System32\IMM32.DLL
0x00000000663f0000 - 0x00000000664c2000 	C:\Program Files\Android\Android Studio\jre\jre\bin\msvcr100.dll
0x00000000665b0000 - 0x0000000066dfb000 	C:\Program Files\Android\Android Studio\jre\jre\bin\server\jvm.dll
0x00007ffc0da10000 - 0x00007ffc0da18000 	C:\WINDOWS\System32\PSAPI.DLL
0x00007ffc02b50000 - 0x00007ffc02b77000 	C:\WINDOWS\SYSTEM32\WINMM.dll
0x00007ffbf7db0000 - 0x00007ffbf7db9000 	C:\WINDOWS\SYSTEM32\WSOCK32.dll
0x00007ffc043c0000 - 0x00007ffc043ca000 	C:\WINDOWS\SYSTEM32\VERSION.dll
0x00007ffc0df70000 - 0x00007ffc0dfdb000 	C:\WINDOWS\System32\WS2_32.dll
0x00007ffc07b90000 - 0x00007ffc07b9f000 	C:\Program Files\Android\Android Studio\jre\jre\bin\verify.dll
0x00007ffc05840000 - 0x00007ffc05869000 	C:\Program Files\Android\Android Studio\jre\jre\bin\java.dll
0x00007ffc05ec0000 - 0x00007ffc05ed6000 	C:\Program Files\Android\Android Studio\jre\jre\bin\zip.dll
0x00007ffc0d2d0000 - 0x00007ffc0da0f000 	C:\WINDOWS\System32\SHELL32.dll
0x00007ffc0a660000 - 0x00007ffc0adf0000 	C:\WINDOWS\SYSTEM32\windows.storage.dll
0x00007ffc0cf70000 - 0x00007ffc0d2c5000 	C:\WINDOWS\System32\combase.dll
0x00007ffc0beb0000 - 0x00007ffc0bedc000 	C:\WINDOWS\SYSTEM32\Wldp.dll
0x00007ffc0e950000 - 0x00007ffc0e9fe000 	C:\WINDOWS\System32\SHCORE.dll
0x00007ffc0dad0000 - 0x00007ffc0db25000 	C:\WINDOWS\System32\shlwapi.dll
0x00007ffc0c450000 - 0x00007ffc0c46f000 	C:\WINDOWS\SYSTEM32\profapi.dll
0x00007ffc05e30000 - 0x00007ffc05e4a000 	C:\Program Files\Android\Android Studio\jre\jre\bin\net.dll
0x00007ffc0bc20000 - 0x00007ffc0bc8a000 	C:\WINDOWS\system32\mswsock.dll
0x00007ffc05450000 - 0x00007ffc05463000 	C:\Program Files\Android\Android Studio\jre\jre\bin\nio.dll
0x00007ffc05e60000 - 0x00007ffc05e86000 	C:\Users\acer\.gradle\native\fdc75f09e3144964f2cf3f50f0aa648679c211496f362492102eb8c894070792\windows-amd64\native-platform.dll
0x00007ffbe3f50000 - 0x00007ffbe40e1000 	C:\Users\acer\.gradle\native\12488b8bf47d2d4c9fbf2f6322a914ad602e24e48041cd04a747c6da556b65c4\windows-amd64\native-platform-file-events.dll
0x00007ffc079a0000 - 0x00007ffc079ad000 	C:\Program Files\Android\Android Studio\jre\jre\bin\management.dll
0x00007ffc0bdf0000 - 0x00007ffc0be08000 	C:\WINDOWS\SYSTEM32\CRYPTSP.dll
0x00007ffc0b5c0000 - 0x00007ffc0b5f4000 	C:\WINDOWS\system32\rsaenh.dll
0x00007ffc0cd30000 - 0x00007ffc0cd57000 	C:\WINDOWS\System32\bcrypt.dll
0x00007ffc0c410000 - 0x00007ffc0c43e000 	C:\WINDOWS\SYSTEM32\USERENV.dll
0x00007ffc0cd60000 - 0x00007ffc0cde3000 	C:\WINDOWS\System32\bcryptprimitives.dll
0x00007ffc0be10000 - 0x00007ffc0be1c000 	C:\WINDOWS\SYSTEM32\CRYPTBASE.dll
0x00007ffc0b910000 - 0x00007ffc0b94b000 	C:\WINDOWS\SYSTEM32\IPHLPAPI.DLL
0x00007ffc0dce0000 - 0x00007ffc0dce8000 	C:\WINDOWS\System32\NSI.dll
0x00007ffc05040000 - 0x00007ffc05057000 	C:\WINDOWS\SYSTEM32\dhcpcsvc6.DLL
0x00007ffc05470000 - 0x00007ffc0548d000 	C:\WINDOWS\SYSTEM32\dhcpcsvc.DLL
0x00007ffc0b950000 - 0x00007ffc0ba1c000 	C:\WINDOWS\SYSTEM32\DNSAPI.dll
0x00007ffc05760000 - 0x00007ffc0576b000 	C:\WINDOWS\SYSTEM32\WINNSI.DLL

VM Arguments:
jvm_args: -Xmx1536M -Dfile.encoding=windows-1252 -Duser.country=US -Duser.language=en -Duser.variant 
java_command: org.gradle.launcher.daemon.bootstrap.GradleDaemon 6.7
java_class_path (initial): C:\Users\acer\.gradle\wrapper\dists\gradle-6.7-all\cuy9mc7upwgwgeb72wkcrupxe\gradle-6.7\lib\gradle-launcher-6.7.jar
Launcher Type: SUN_STANDARD

Environment Variables:
JAVA_HOME=C:\Program Files\Android\Android Studio\jre
CLASSPATH=C:\Users\acer\AndroidStudioProjects\sandhya_garments\android\\gradle\wrapper\gradle-wrapper.jar
PATH=C:\WINDOWS\system32;C:\WINDOWS;C:\WINDOWS\System32\Wbem;C:\WINDOWS\System32\WindowsPowerShell\v1.0\;C:\WINDOWS\System32\OpenSSH\;D:\flutter_windows_2.0.6-stable\flutter\bin;C:\Program Files\Android\Android Studio\jre\jre\bin;C:\Program Files\Git\cmd;C:\Users\acer\AppData\Local\Programs\Python\Python39\Scripts\;C:\Users\acer\AppData\Local\Programs\Python\Python39\;C:\Users\acer\AppData\Local\Microsoft\WindowsApps;;C:\Users\acer\AppData\Local\Programs\Microsoft VS Code\bin;D:\flutter_windows_2.0.6-stable\flutter\bin\mingit\cmd
USERNAME=acer
OS=Windows_NT
PROCESSOR_IDENTIFIER=AMD64 Family 23 Model 24 Stepping 1, AuthenticAMD



---------------  S Y S T E M  ---------------

OS: Windows 10.0 , 64 bit Build 19041 (10.0.19041.1023)

CPU:total 8 (initial active 8) (8 cores per cpu, 1 threads per core) family 23 model 24 stepping 1, cmov, cx8, fxsr, mmx, sse, sse2, sse3, ssse3, sse4.1, sse4.2, popcnt, avx, avx2, aes, clmul, mmxext, 3dnowpref, lzcnt, sse4a, tsc, tscinvbit, tscinv, bmi1

Memory: 4k page, physical 6228620k(356136k free), swap 25102988k(6020k free)

vm_info: OpenJDK 64-Bit Server VM (25.242-b01) for windows-amd64 JRE (1.8.0_242-release-1644-b01), built by "builder" with MS VC++ 10.0 (VS2010)

time: Wed Jul 07 10:56:42 2021
timezone: India Standard Time
elapsed time: 6 seconds (0d 0h 0m 6s)

