#
# There is insufficient memory for the Java Runtime Environment to continue.
# Native memory allocation (malloc) failed to allocate 32744 bytes for ChunkPool::allocate
# Possible reasons:
#   The system is out of physical RAM or swap space
#   The process is running with CompressedOops enabled, and the Java Heap may be blocking the growth of the native heap
# Possible solutions:
#   Reduce memory load on the system
#   Increase physical memory or swap space
#   Check if swap backing store is full
#   Decrease Java heap size (-Xmx/-Xms)
#   Decrease number of Java threads
#   Decrease Java thread stack sizes (-Xss)
#   Set larger code cache with -XX:ReservedCodeCacheSize=
#   JVM is running with Unscaled Compressed Oops mode in which the Java heap is
#     placed in the first 4GB address space. The Java Heap base address is the
#     maximum limit for the native heap growth. Please use -XX:HeapBaseMinAddress
#     to set the Java Heap base and to place the Java Heap above 4GB virtual address.
# This output file may be truncated or incomplete.
#
#  Out of Memory Error (allocation.cpp:272), pid=1008, tid=0x0000000000003d28
#
# JRE version: OpenJDK Runtime Environment (8.0_242-b01) (build 1.8.0_242-release-1644-b01)
# Java VM: OpenJDK 64-Bit Server VM (25.242-b01 mixed mode windows-amd64 compressed oops)
# Failed to write core dump. Minidumps are not enabled by default on client versions of Windows
#

---------------  T H R E A D  ---------------

Current thread (0x000000001665b000):  JavaThread "C2 CompilerThread0" daemon [_thread_in_native, id=15656, stack(0x0000000018d20000,0x0000000018e20000)]

Stack: [0x0000000018d20000,0x0000000018e20000]
[error occurred during error reporting (printing stack bounds), id 0xc0000005]

Native frames: (J=compiled Java code, j=interpreted, Vv=VM code, C=native code)


Current CompileTask:
C2:  32947 7299       4       org.gradle.internal.logging.text.AbstractLineChoppingStyledTextOutput$1::execute (9 bytes)


---------------  P R O C E S S  ---------------

Java Threads: ( => current thread )
  0x00000000207af800 JavaThread "Exec process Thread 3" [_thread_in_native, id=7428, stack(0x000000002e000000,0x000000002e100000)]
  0x00000000207ae800 JavaThread "Exec process Thread 2" [_thread_blocked, id=16336, stack(0x000000002ddb0000,0x000000002deb0000)]
  0x00000000207ab800 JavaThread "Exec process" [_thread_in_native, id=14956, stack(0x000000002df00000,0x000000002e000000)]
  0x000000001a438000 JavaThread "Cache worker for execution history cache (C:\Users\acer\AndroidStudioProjects\sandhya_garments\android\.gradle\6.7\executionHistory)" [_thread_blocked, id=6432, stack(0x000000002dab0000,0x000000002dbb0000)]
  0x000000001a437000 JavaThread "Execution worker for ':' Thread 7" [_thread_blocked, id=7672, stack(0x000000002d9b0000,0x000000002dab0000)]
  0x000000001a436800 JavaThread "Execution worker for ':' Thread 6" [_thread_blocked, id=15900, stack(0x000000002d8b0000,0x000000002d9b0000)]
  0x000000001a43c800 JavaThread "Execution worker for ':' Thread 5" [_thread_blocked, id=2744, stack(0x000000002d7b0000,0x000000002d8b0000)]
  0x000000001a435800 JavaThread "Execution worker for ':' Thread 4" [_thread_blocked, id=10728, stack(0x000000002d6b0000,0x000000002d7b0000)]
  0x000000001a43b800 JavaThread "Execution worker for ':' Thread 3" [_thread_blocked, id=8232, stack(0x000000002d5b0000,0x000000002d6b0000)]
  0x000000001a43b000 JavaThread "Execution worker for ':' Thread 2" [_thread_blocked, id=2680, stack(0x000000002d4b0000,0x000000002d5b0000)]
  0x000000001a438800 JavaThread "Execution worker for ':'" [_thread_blocked, id=10228, stack(0x000000002d3b0000,0x000000002d4b0000)]
  0x000000001a439800 JavaThread "Memory manager" [_thread_blocked, id=8712, stack(0x0000000029140000,0x0000000029240000)]
  0x000000001e1fe800 JavaThread "jar transforms Thread 112" [_thread_blocked, id=15388, stack(0x0000000028840000,0x0000000028940000)]
  0x000000001e1fd800 JavaThread "jar transforms Thread 111" [_thread_blocked, id=13732, stack(0x0000000028740000,0x0000000028840000)]
  0x000000001e1fd000 JavaThread "jar transforms Thread 110" [_thread_blocked, id=15456, stack(0x0000000028640000,0x0000000028740000)]
  0x000000001e1fb800 JavaThread "jar transforms Thread 109" [_thread_blocked, id=4480, stack(0x0000000028540000,0x0000000028640000)]
  0x000000001e1fa800 JavaThread "jar transforms Thread 108" [_thread_blocked, id=5072, stack(0x0000000028440000,0x0000000028540000)]
  0x000000001e1fc000 JavaThread "jar transforms Thread 107" [_thread_blocked, id=7548, stack(0x0000000028340000,0x0000000028440000)]
  0x000000001e1f3000 JavaThread "jar transforms Thread 106" [_thread_blocked, id=5368, stack(0x0000000028240000,0x0000000028340000)]
  0x000000001e1f9000 JavaThread "jar transforms Thread 105" [_thread_blocked, id=6292, stack(0x0000000028140000,0x0000000028240000)]
  0x000000001e1fa000 JavaThread "jar transforms Thread 104" [_thread_blocked, id=12668, stack(0x0000000028040000,0x0000000028140000)]
  0x000000001e1f1800 JavaThread "jar transforms Thread 103" [_thread_blocked, id=8776, stack(0x0000000027f40000,0x0000000028040000)]
  0x000000001e1f8800 JavaThread "jar transforms Thread 102" [_thread_blocked, id=12836, stack(0x0000000027e40000,0x0000000027f40000)]
  0x000000001e1f7800 JavaThread "jar transforms Thread 101" [_thread_blocked, id=1380, stack(0x0000000027d40000,0x0000000027e40000)]
  0x000000001e1f0000 JavaThread "jar transforms Thread 100" [_thread_blocked, id=13388, stack(0x0000000027c40000,0x0000000027d40000)]
  0x000000001e1f0800 JavaThread "jar transforms Thread 99" [_thread_blocked, id=5836, stack(0x0000000027b40000,0x0000000027c40000)]
  0x000000001e1f2000 JavaThread "jar transforms Thread 98" [_thread_blocked, id=1964, stack(0x0000000027a40000,0x0000000027b40000)]
  0x000000001e1f7000 JavaThread "jar transforms Thread 97" [_thread_blocked, id=6048, stack(0x0000000027940000,0x0000000027a40000)]
  0x000000001e1ef000 JavaThread "jar transforms Thread 96" [_thread_blocked, id=1224, stack(0x0000000027840000,0x0000000027940000)]
  0x000000001e1f6000 JavaThread "jar transforms Thread 95" [_thread_blocked, id=884, stack(0x0000000027740000,0x0000000027840000)]
  0x000000001e1f5800 JavaThread "jar transforms Thread 94" [_thread_blocked, id=10440, stack(0x0000000027640000,0x0000000027740000)]
  0x000000001e1f3800 JavaThread "jar transforms Thread 93" [_thread_blocked, id=8024, stack(0x0000000027540000,0x0000000027640000)]
  0x000000001e1f4800 JavaThread "jar transforms Thread 92" [_thread_blocked, id=7016, stack(0x0000000027440000,0x0000000027540000)]
  0x000000001947b800 JavaThread "jar transforms Thread 91" [_thread_blocked, id=3032, stack(0x0000000027340000,0x0000000027440000)]
  0x000000001947b000 JavaThread "jar transforms Thread 90" [_thread_blocked, id=6692, stack(0x0000000027240000,0x0000000027340000)]
  0x000000001947a000 JavaThread "jar transforms Thread 89" [_thread_blocked, id=13416, stack(0x0000000027140000,0x0000000027240000)]
  0x0000000019477800 JavaThread "jar transforms Thread 88" [_thread_blocked, id=8920, stack(0x0000000027040000,0x0000000027140000)]
  0x0000000019477000 JavaThread "jar transforms Thread 87" [_thread_blocked, id=13104, stack(0x0000000026f40000,0x0000000027040000)]
  0x000000001947d000 JavaThread "jar transforms Thread 86" [_thread_blocked, id=5488, stack(0x0000000026e40000,0x0000000026f40000)]
  0x0000000019479800 JavaThread "jar transforms Thread 85" [_thread_blocked, id=1800, stack(0x0000000026d40000,0x0000000026e40000)]
  0x0000000019478800 JavaThread "jar transforms Thread 84" [_thread_blocked, id=10164, stack(0x0000000026c40000,0x0000000026d40000)]
  0x000000001947c800 JavaThread "jar transforms Thread 83" [_thread_blocked, id=11568, stack(0x0000000026b40000,0x0000000026c40000)]
  0x000000001946f800 JavaThread "jar transforms Thread 82" [_thread_blocked, id=15068, stack(0x0000000026a40000,0x0000000026b40000)]
  0x0000000019476000 JavaThread "jar transforms Thread 81" [_thread_blocked, id=12076, stack(0x0000000026940000,0x0000000026a40000)]
  0x000000001946e800 JavaThread "jar transforms Thread 80" [_thread_blocked, id=13352, stack(0x0000000026840000,0x0000000026940000)]
  0x0000000019475800 JavaThread "jar transforms Thread 79" [_thread_blocked, id=15116, stack(0x0000000026740000,0x0000000026840000)]
  0x0000000019474800 JavaThread "jar transforms Thread 78" [_thread_blocked, id=11328, stack(0x0000000026640000,0x0000000026740000)]
  0x000000001946e000 JavaThread "jar transforms Thread 77" [_thread_blocked, id=3752, stack(0x0000000026540000,0x0000000026640000)]
  0x0000000019472800 JavaThread "jar transforms Thread 76" [_thread_blocked, id=8868, stack(0x0000000026440000,0x0000000026540000)]
  0x0000000019471800 JavaThread "jar transforms Thread 75" [_thread_blocked, id=14744, stack(0x0000000026340000,0x0000000026440000)]
  0x0000000019474000 JavaThread "jar transforms Thread 74" [_thread_blocked, id=14656, stack(0x0000000026240000,0x0000000026340000)]
  0x0000000019470000 JavaThread "jar transforms Thread 73" [_thread_blocked, id=4836, stack(0x0000000026140000,0x0000000026240000)]
  0x0000000019471000 JavaThread "jar transforms Thread 72" [_thread_blocked, id=10396, stack(0x0000000026040000,0x0000000026140000)]
  0x0000000019473000 JavaThread "jar transforms Thread 71" [_thread_blocked, id=9996, stack(0x0000000025f40000,0x0000000026040000)]
  0x000000001b079800 JavaThread "jar transforms Thread 70" [_thread_blocked, id=15956, stack(0x0000000025e40000,0x0000000025f40000)]
  0x000000001b07c000 JavaThread "jar transforms Thread 69" [_thread_blocked, id=2612, stack(0x0000000025d40000,0x0000000025e40000)]
  0x000000001b078000 JavaThread "jar transforms Thread 68" [_thread_blocked, id=488, stack(0x0000000025c40000,0x0000000025d40000)]
  0x000000001b07a800 JavaThread "jar transforms Thread 67" [_thread_blocked, id=8272, stack(0x0000000025b40000,0x0000000025c40000)]
  0x000000001b077800 JavaThread "jar transforms Thread 66" [_thread_blocked, id=2684, stack(0x0000000025a40000,0x0000000025b40000)]
  0x000000001b07b000 JavaThread "jar transforms Thread 65" [_thread_blocked, id=13620, stack(0x0000000025940000,0x0000000025a40000)]
  0x000000001b079000 JavaThread "jar transforms Thread 64" [_thread_blocked, id=7160, stack(0x0000000025840000,0x0000000025940000)]
  0x000000001b06f800 JavaThread "jar transforms Thread 63" [_thread_blocked, id=10404, stack(0x0000000025740000,0x0000000025840000)]
  0x000000001b076800 JavaThread "jar transforms Thread 62" [_thread_blocked, id=13100, stack(0x0000000025640000,0x0000000025740000)]
  0x000000001b06f000 JavaThread "jar transforms Thread 61" [_thread_blocked, id=13224, stack(0x0000000025540000,0x0000000025640000)]
  0x000000001b074800 JavaThread "jar transforms Thread 60" [_thread_blocked, id=8572, stack(0x0000000025440000,0x0000000025540000)]
  0x000000001b073800 JavaThread "jar transforms Thread 59" [_thread_blocked, id=11252, stack(0x0000000025340000,0x0000000025440000)]
  0x000000001b072800 JavaThread "jar transforms Thread 58" [_thread_blocked, id=7440, stack(0x0000000025240000,0x0000000025340000)]
  0x000000001b076000 JavaThread "jar transforms Thread 57" [_thread_blocked, id=6848, stack(0x0000000025140000,0x0000000025240000)]
  0x000000001b075000 JavaThread "jar transforms Thread 56" [_thread_blocked, id=6248, stack(0x0000000025040000,0x0000000025140000)]
  0x000000001b06c800 JavaThread "jar transforms Thread 55" [_thread_blocked, id=848, stack(0x0000000024e40000,0x0000000024f40000)]
  0x000000001b06e000 JavaThread "jar transforms Thread 54" [_thread_blocked, id=13560, stack(0x0000000024d40000,0x0000000024e40000)]
  0x000000001b072000 JavaThread "jar transforms Thread 53" [_thread_blocked, id=9304, stack(0x0000000024c40000,0x0000000024d40000)]
  0x000000001b070800 JavaThread "jar transforms Thread 52" [_thread_blocked, id=6628, stack(0x0000000024b40000,0x0000000024c40000)]
  0x000000001b06d800 JavaThread "jar transforms Thread 51" [_thread_blocked, id=13632, stack(0x0000000024a40000,0x0000000024b40000)]
  0x000000001b071000 JavaThread "jar transforms Thread 50" [_thread_blocked, id=10980, stack(0x0000000024940000,0x0000000024a40000)]
  0x000000001d809800 JavaThread "jar transforms Thread 49" [_thread_blocked, id=15212, stack(0x0000000024840000,0x0000000024940000)]
  0x000000001d809000 JavaThread "jar transforms Thread 48" [_thread_blocked, id=1852, stack(0x0000000024740000,0x0000000024840000)]
  0x000000001d808000 JavaThread "jar transforms Thread 47" [_thread_blocked, id=11972, stack(0x0000000024640000,0x0000000024740000)]
  0x000000001d80a800 JavaThread "jar transforms Thread 46" [_thread_blocked, id=10560, stack(0x0000000024540000,0x0000000024640000)]
  0x000000001d800800 JavaThread "jar transforms Thread 45" [_thread_blocked, id=15640, stack(0x0000000024440000,0x0000000024540000)]
  0x000000001d807800 JavaThread "jar transforms Thread 44" [_thread_blocked, id=9196, stack(0x0000000024340000,0x0000000024440000)]
  0x000000001d800000 JavaThread "jar transforms Thread 43" [_thread_blocked, id=16180, stack(0x0000000024240000,0x0000000024340000)]
  0x000000001d806800 JavaThread "jar transforms Thread 42" [_thread_blocked, id=12044, stack(0x0000000024140000,0x0000000024240000)]
  0x000000001d806000 JavaThread "jar transforms Thread 41" [_thread_blocked, id=7184, stack(0x0000000024040000,0x0000000024140000)]
  0x000000001d805000 JavaThread "jar transforms Thread 40" [_thread_blocked, id=8852, stack(0x0000000023f40000,0x0000000024040000)]
  0x000000001d7fd800 JavaThread "jar transforms Thread 39" [_thread_blocked, id=11284, stack(0x0000000023e40000,0x0000000023f40000)]
  0x000000001d804800 JavaThread "jar transforms Thread 38" [_thread_blocked, id=9868, stack(0x0000000023d40000,0x0000000023e40000)]
  0x000000001d7ff000 JavaThread "jar transforms Thread 37" [_thread_blocked, id=2660, stack(0x0000000023c40000,0x0000000023d40000)]
  0x000000001d7fd000 JavaThread "jar transforms Thread 36" [_thread_blocked, id=1348, stack(0x0000000023b40000,0x0000000023c40000)]
  0x000000001d803800 JavaThread "jar transforms Thread 35" [_thread_blocked, id=2712, stack(0x0000000023a40000,0x0000000023b40000)]
  0x000000001d7fc000 JavaThread "jar transforms Thread 34" [_thread_blocked, id=8604, stack(0x0000000023940000,0x0000000023a40000)]
  0x000000001d7fe800 JavaThread "jar transforms Thread 33" [_thread_blocked, id=3096, stack(0x0000000023840000,0x0000000023940000)]
  0x000000001d801800 JavaThread "jar transforms Thread 32" [_thread_blocked, id=15840, stack(0x0000000023740000,0x0000000023840000)]
  0x000000001d803000 JavaThread "jar transforms Thread 31" [_thread_blocked, id=14584, stack(0x0000000023640000,0x0000000023740000)]
  0x000000001d7fb800 JavaThread "jar transforms Thread 30" [_thread_blocked, id=4804, stack(0x0000000023540000,0x0000000023640000)]
  0x000000001d802000 JavaThread "jar transforms Thread 29" [_thread_blocked, id=6736, stack(0x0000000023440000,0x0000000023540000)]
  0x000000001b478800 JavaThread "jar transforms Thread 28" [_thread_blocked, id=9020, stack(0x0000000023340000,0x0000000023440000)]
  0x000000001b478000 JavaThread "jar transforms Thread 27" [_thread_blocked, id=6232, stack(0x0000000023240000,0x0000000023340000)]
  0x000000001b477000 JavaThread "jar transforms Thread 26" [_thread_blocked, id=10880, stack(0x0000000023140000,0x0000000023240000)]
  0x000000001b476800 JavaThread "jar transforms Thread 25" [_thread_blocked, id=6884, stack(0x0000000023040000,0x0000000023140000)]
  0x000000001b46f000 JavaThread "jar transforms Thread 24" [_thread_blocked, id=11588, stack(0x0000000022f40000,0x0000000023040000)]
  0x000000001b475800 JavaThread "jar transforms Thread 23" [_thread_blocked, id=14176, stack(0x0000000022e40000,0x0000000022f40000)]
  0x000000001b46e000 JavaThread "jar transforms Thread 22" [_thread_blocked, id=5000, stack(0x0000000022d40000,0x0000000022e40000)]
  0x000000001b475000 JavaThread "jar transforms Thread 21" [_thread_blocked, id=5624, stack(0x0000000022c40000,0x0000000022d40000)]
  0x000000001b473800 JavaThread "jar transforms Thread 20" [_thread_blocked, id=10460, stack(0x0000000022b40000,0x0000000022c40000)]
  0x000000001b474000 JavaThread "jar transforms Thread 19" [_thread_blocked, id=15744, stack(0x0000000022a40000,0x0000000022b40000)]
  0x000000001b472800 JavaThread "jar transforms Thread 18" [_thread_blocked, id=13604, stack(0x0000000022940000,0x0000000022a40000)]
  0x000000001b46b000 JavaThread "jar transforms Thread 17" [_thread_blocked, id=9792, stack(0x0000000022840000,0x0000000022940000)]
  0x000000001b472000 JavaThread "jar transforms Thread 16" [_thread_blocked, id=4828, stack(0x0000000022740000,0x0000000022840000)]
  0x000000001b46a800 JavaThread "jar transforms Thread 15" [_thread_blocked, id=14936, stack(0x0000000022640000,0x0000000022740000)]
  0x000000001b471000 JavaThread "jar transforms Thread 14" [_thread_blocked, id=3536, stack(0x0000000022540000,0x0000000022640000)]
  0x000000001b46d800 JavaThread "jar transforms Thread 13" [_thread_blocked, id=9096, stack(0x0000000022440000,0x0000000022540000)]
  0x000000001b470800 JavaThread "jar transforms Thread 12" [_thread_blocked, id=6992, stack(0x0000000022340000,0x0000000022440000)]
  0x000000001b46f800 JavaThread "jar transforms Thread 11" [_thread_blocked, id=7112, stack(0x0000000022240000,0x0000000022340000)]
  0x000000001b469800 JavaThread "jar transforms Thread 10" [_thread_blocked, id=15384, stack(0x0000000022140000,0x0000000022240000)]
  0x000000001b46c000 JavaThread "jar transforms Thread 9" [_thread_blocked, id=12220, stack(0x0000000022040000,0x0000000022140000)]
  0x000000001b46c800 JavaThread "jar transforms Thread 8" [_thread_blocked, id=13968, stack(0x0000000021f40000,0x0000000022040000)]
  0x000000001b134800 JavaThread "jar transforms Thread 7" [_thread_blocked, id=12312, stack(0x0000000021e40000,0x0000000021f40000)]
  0x000000001b130000 JavaThread "jar transforms Thread 6" [_thread_blocked, id=4444, stack(0x0000000021d40000,0x0000000021e40000)]
  0x000000001b133800 JavaThread "jar transforms Thread 5" [_thread_blocked, id=5808, stack(0x0000000021c40000,0x0000000021d40000)]
  0x000000001b12f000 JavaThread "jar transforms Thread 4" [_thread_blocked, id=12340, stack(0x0000000021b40000,0x0000000021c40000)]
  0x000000001b133000 JavaThread "jar transforms Thread 3" [_thread_blocked, id=9436, stack(0x0000000021a40000,0x0000000021b40000)]
  0x000000001b131800 JavaThread "jar transforms Thread 2" [_thread_blocked, id=13232, stack(0x0000000021940000,0x0000000021a40000)]
  0x000000001b135800 JavaThread "Build operations Thread 8" [_thread_blocked, id=8344, stack(0x0000000021840000,0x0000000021940000)]
  0x000000001b12e800 JavaThread "Build operations Thread 7" [_thread_blocked, id=2508, stack(0x0000000021740000,0x0000000021840000)]
  0x000000001b132000 JavaThread "Build operations Thread 6" [_thread_blocked, id=6212, stack(0x0000000021640000,0x0000000021740000)]
  0x000000001b130800 JavaThread "Build operations Thread 5" [_thread_blocked, id=6916, stack(0x0000000021540000,0x0000000021640000)]
  0x000000001b127000 JavaThread "Build operations Thread 4" [_thread_blocked, id=8508, stack(0x0000000021440000,0x0000000021540000)]
  0x000000001b12d800 JavaThread "Build operations Thread 3" [_thread_blocked, id=15100, stack(0x0000000021340000,0x0000000021440000)]
  0x000000001b126000 JavaThread "Build operations Thread 2" [_thread_blocked, id=4052, stack(0x0000000021240000,0x0000000021340000)]
  0x000000001b12d000 JavaThread "Build operations" [_thread_blocked, id=7660, stack(0x0000000021140000,0x0000000021240000)]
  0x000000001b12c000 JavaThread "Cache worker for Build Output Cleanup Cache (C:\Users\acer\AndroidStudioProjects\sandhya_garments\android\.gradle\buildOutputCleanup)" [_thread_blocked, id=14024, stack(0x0000000020e40000,0x0000000020f40000)]
  0x000000001b127800 JavaThread "Cache worker for file content cache (C:\Users\acer\.gradle\caches\6.7\fileContent)" [_thread_blocked, id=15672, stack(0x000000001f770000,0x000000001f870000)]
  0x000000001a7db800 JavaThread "jar transforms" [_thread_blocked, id=15008, stack(0x000000001f670000,0x000000001f770000)]
  0x000000001a7de800 JavaThread "Cache worker for execution history cache (C:\Users\acer\.gradle\caches\6.7\executionHistory)" [_thread_blocked, id=8964, stack(0x000000001ef70000,0x000000001f070000)]
  0x000000001a7e1800 JavaThread "Cache worker for cache directory md-rule (C:\Users\acer\.gradle\caches\6.7\md-rule)" [_thread_blocked, id=3808, stack(0x000000001ee70000,0x000000001ef70000)]
  0x000000001a7de000 JavaThread "Cache worker for cache directory md-supplier (C:\Users\acer\.gradle\caches\6.7\md-supplier)" [_thread_blocked, id=8368, stack(0x000000001eb70000,0x000000001ec70000)]
  0x000000001a7e1000 JavaThread "Cache worker for checksums cache (C:\Users\acer\AndroidStudioProjects\sandhya_garments\android\.gradle\checksums)" [_thread_blocked, id=14800, stack(0x000000001ea70000,0x000000001eb70000)]
  0x000000001a7db000 JavaThread "Cache worker for file hash cache (C:\Users\acer\AndroidStudioProjects\sandhya_garments\android\.gradle\6.7\fileHashes)" [_thread_blocked, id=7372, stack(0x000000001e510000,0x000000001e610000)]
  0x000000001a7dc800 JavaThread "Cache worker for journal cache (C:\Users\acer\.gradle\caches\journal-1)" [_thread_blocked, id=14036, stack(0x000000001d440000,0x000000001d540000)]
  0x000000001a7df800 JavaThread "File lock request listener" [_thread_in_native, id=15392, stack(0x000000001d340000,0x000000001d440000)]
  0x000000001a7e0000 JavaThread "Cache worker for file hash cache (C:\Users\acer\.gradle\caches\6.7\fileHashes)" [_thread_blocked, id=8816, stack(0x000000001d240000,0x000000001d340000)]
  0x000000001a7dd000 JavaThread "Thread-9" [_thread_blocked, id=4104, stack(0x000000001cf40000,0x000000001d040000)]
  0x000000001adab000 JavaThread "Stdin handler" [_thread_blocked, id=3440, stack(0x000000001ce40000,0x000000001cf40000)]
  0x000000001ada8800 JavaThread "Asynchronous log dispatcher for DefaultDaemonConnection: socket connection from /127.0.0.1:50038 to /127.0.0.1:50039" [_thread_in_native, id=11240, stack(0x000000001cd40000,0x000000001ce40000)]
  0x000000001ad25000 JavaThread "Daemon worker" [_thread_blocked, id=16328, stack(0x000000001cc40000,0x000000001cd40000)]
  0x000000001ad24000 JavaThread "Cancel handler" [_thread_blocked, id=12960, stack(0x000000001ca40000,0x000000001cb40000)]
  0x000000001ad18800 JavaThread "Handler for socket connection from /127.0.0.1:50038 to /127.0.0.1:50039" [_thread_in_native, id=6068, stack(0x000000001c940000,0x000000001ca40000)]
  0x000000001ad17800 JavaThread "Daemon" [_thread_blocked, id=4324, stack(0x000000001c640000,0x000000001c740000)]
  0x000000001ad89000 JavaThread "Daemon periodic checks" [_thread_blocked, id=10748, stack(0x000000001c540000,0x000000001c640000)]
  0x000000001ad34800 JavaThread "Incoming local TCP Connector on port 50038" [_thread_in_native, id=14524, stack(0x000000001c300000,0x000000001c400000)]
  0x000000001aca1800 JavaThread "Daemon health stats" [_thread_blocked, id=9324, stack(0x000000001bcc0000,0x000000001bdc0000)]
  0x000000001848c000 JavaThread "Service Thread" daemon [_thread_blocked, id=2272, stack(0x0000000019120000,0x0000000019220000)]
  0x0000000018455800 JavaThread "C1 CompilerThread3" daemon [_thread_blocked, id=11780, stack(0x0000000019020000,0x0000000019120000)]
  0x0000000018453000 JavaThread "C2 CompilerThread2" daemon [_thread_in_native, id=10476, stack(0x0000000018f20000,0x0000000019020000)]
  0x0000000018447000 JavaThread "C2 CompilerThread1" daemon [_thread_blocked, id=15376, stack(0x0000000018e20000,0x0000000018f20000)]
=>0x000000001665b000 JavaThread "C2 CompilerThread0" daemon [_thread_in_native, id=15656, stack(0x0000000018d20000,0x0000000018e20000)]
  0x000000001665a000 JavaThread "Attach Listener" daemon [_thread_blocked, id=8504, stack(0x0000000018c20000,0x0000000018d20000)]
  0x0000000018445800 JavaThread "Signal Dispatcher" daemon [_thread_blocked, id=15500, stack(0x0000000018b20000,0x0000000018c20000)]
  0x000000000285e800 JavaThread "Finalizer" daemon [_thread_blocked, id=1916, stack(0x0000000018910000,0x0000000018a10000)]
  0x0000000002857800 JavaThread "Reference Handler" daemon [_thread_blocked, id=8780, stack(0x0000000018810000,0x0000000018910000)]
  0x00000000005de800 JavaThread "main" [_thread_blocked, id=4244, stack(0x0000000002660000,0x0000000002760000)]

Other Threads:
  0x0000000016646800 VMThread [stack: 0x0000000018310000,0x0000000018410000] [id=9668]
  0x000000001848c800 WatcherThread [stack: 0x0000000019220000,0x0000000019320000] [id=9460]

VM state:not at safepoint (normal execution)

VM Mutex/Monitor currently owned by a thread: None

OutOfMemory and StackOverflow Exception counts:
StackOverflowErrors=1

heap address: 0x00000000a0000000, size: 1536 MB, Compressed Oops mode: 32-bit
Narrow klass base: 0x0000000000000000, Narrow klass shift: 3
Compressed class space size: 1073741824 Address: 0x0000000100000000

Heap:
 PSYoungGen      total 316928K, used 233987K [0x00000000e0000000, 0x00000000f5980000, 0x0000000100000000)
  eden space 296448K, 78% used [0x00000000e0000000,0x00000000ee480d00,0x00000000f2180000)
  from space 20480K, 0% used [0x00000000f3580000,0x00000000f3580000,0x00000000f4980000)
  to   space 20480K, 0% used [0x00000000f2180000,0x00000000f2180000,0x00000000f3580000)
 ParOldGen       total 104448K, used 32513K [0x00000000a0000000, 0x00000000a6600000, 0x00000000e0000000)
  object space 104448K, 31% used [0x00000000a0000000,0x00000000a1fc06e8,0x00000000a6600000)
 Metaspace       used 68820K, capacity 72048K, committed 72192K, reserved 1112064K
  class space    used 9435K, capacity 10139K, committed 10240K, reserved 1048576K

Card table byte_map: [0x0000000011c30000,0x0000000011f40000] byte_map_base: 0x0000000011730000

Marking Bits: (ParMarkBitMap*) 0x0000000066d7f030
 Begin Bits: [0x0000000012940000, 0x0000000014140000)
 End Bits:   [0x0000000014140000, 0x0000000015940000)

Polling page: 0x0000000000e90000

CodeCache: size=245760Kb used=22354Kb max_used=22836Kb free=223405Kb
 bounds [0x0000000002870000, 0x0000000003ef0000, 0x0000000011870000]
 total_blobs=7252 nmethods=6449 adapters=715
 compilation: enabled

Compilation events (10 events):
Event: 28.769 Thread 0x0000000018455800 nmethod 7295 0x0000000002b789d0 code [0x0000000002b78dc0, 0x0000000002b7b178]
Event: 28.769 Thread 0x0000000018455800 7296       3       java.util.concurrent.ThreadPoolExecutor::runStateAtLeast (11 bytes)
Event: 28.769 Thread 0x0000000018455800 nmethod 7296 0x0000000002d6d4d0 code [0x0000000002d6d620, 0x0000000002d6d7b0]
Event: 28.843 Thread 0x0000000018447000 nmethod 7278 0x0000000002c45790 code [0x0000000002c45a80, 0x0000000002c48a90]
Event: 29.033 Thread 0x000000001665b000 nmethod 7108 0x0000000003ecf150 code [0x0000000003ecfb00, 0x0000000003ed8a78]
Event: 32.931 Thread 0x0000000018455800 7297       3       org.gradle.internal.event.ListenerBroadcast::dispatch (9 bytes)
Event: 32.932 Thread 0x0000000018455800 nmethod 7297 0x0000000002f6ee10 code [0x0000000002f6ef80, 0x0000000002f6f368]
Event: 32.932 Thread 0x0000000018455800 7298       3       org.gradle.internal.event.ListenerBroadcast::dispatch (9 bytes)
Event: 32.932 Thread 0x0000000018455800 nmethod 7298 0x000000000378c490 code [0x000000000378c600, 0x000000000378c828]
Event: 32.933 Thread 0x000000001665b000 7299       4       org.gradle.internal.logging.text.AbstractLineChoppingStyledTextOutput$1::execute (9 bytes)

GC Heap History (10 events):
Event: 11.921 GC heap before
{Heap before GC invocations=11 (full 2):
 PSYoungGen      total 200704K, used 10235K [0x00000000e0000000, 0x00000000ef500000, 0x0000000100000000)
  eden space 188416K, 0% used [0x00000000e0000000,0x00000000e0000000,0x00000000eb800000)
  from space 12288K, 83% used [0x00000000eb800000,0x00000000ec1feff0,0x00000000ec400000)
  to   space 12800K, 0% used [0x00000000ee880000,0x00000000ee880000,0x00000000ef500000)
 ParOldGen       total 44032K, used 9864K [0x00000000a0000000, 0x00000000a2b00000, 0x00000000e0000000)
  object space 44032K, 22% used [0x00000000a0000000,0x00000000a09a2300,0x00000000a2b00000)
 Metaspace       used 34364K, capacity 35346K, committed 35456K, reserved 1079296K
  class space    used 4703K, capacity 4928K, committed 4992K, reserved 1048576K
Event: 11.984 GC heap after
Heap after GC invocations=11 (full 2):
 PSYoungGen      total 200704K, used 0K [0x00000000e0000000, 0x00000000ef500000, 0x0000000100000000)
  eden space 188416K, 0% used [0x00000000e0000000,0x00000000e0000000,0x00000000eb800000)
  from space 12288K, 0% used [0x00000000eb800000,0x00000000eb800000,0x00000000ec400000)
  to   space 12800K, 0% used [0x00000000ee880000,0x00000000ee880000,0x00000000ef500000)
 ParOldGen       total 66560K, used 16848K [0x00000000a0000000, 0x00000000a4100000, 0x00000000e0000000)
  object space 66560K, 25% used [0x00000000a0000000,0x00000000a1074090,0x00000000a4100000)
 Metaspace       used 34364K, capacity 35346K, committed 35456K, reserved 1079296K
  class space    used 4703K, capacity 4928K, committed 4992K, reserved 1048576K
}
Event: 15.427 GC heap before
{Heap before GC invocations=12 (full 2):
 PSYoungGen      total 200704K, used 188416K [0x00000000e0000000, 0x00000000ef500000, 0x0000000100000000)
  eden space 188416K, 100% used [0x00000000e0000000,0x00000000eb800000,0x00000000eb800000)
  from space 12288K, 0% used [0x00000000eb800000,0x00000000eb800000,0x00000000ec400000)
  to   space 12800K, 0% used [0x00000000ee880000,0x00000000ee880000,0x00000000ef500000)
 ParOldGen       total 66560K, used 16848K [0x00000000a0000000, 0x00000000a4100000, 0x00000000e0000000)
  object space 66560K, 25% used [0x00000000a0000000,0x00000000a1074090,0x00000000a4100000)
 Metaspace       used 43026K, capacity 44766K, committed 44800K, reserved 1087488K
  class space    used 5778K, capacity 6134K, committed 6144K, reserved 1048576K
Event: 15.454 GC heap after
Heap after GC invocations=12 (full 2):
 PSYoungGen      total 236544K, used 12274K [0x00000000e0000000, 0x00000000f1080000, 0x0000000100000000)
  eden space 223744K, 0% used [0x00000000e0000000,0x00000000e0000000,0x00000000eda80000)
  from space 12800K, 95% used [0x00000000ee880000,0x00000000ef47c9f8,0x00000000ef500000)
  to   space 14336K, 0% used [0x00000000eda80000,0x00000000eda80000,0x00000000ee880000)
 ParOldGen       total 66560K, used 16856K [0x00000000a0000000, 0x00000000a4100000, 0x00000000e0000000)
  object space 66560K, 25% used [0x00000000a0000000,0x00000000a1076090,0x00000000a4100000)
 Metaspace       used 43026K, capacity 44766K, committed 44800K, reserved 1087488K
  class space    used 5778K, capacity 6134K, committed 6144K, reserved 1048576K
}
Event: 20.337 GC heap before
{Heap before GC invocations=13 (full 2):
 PSYoungGen      total 236544K, used 236018K [0x00000000e0000000, 0x00000000f1080000, 0x0000000100000000)
  eden space 223744K, 100% used [0x00000000e0000000,0x00000000eda80000,0x00000000eda80000)
  from space 12800K, 95% used [0x00000000ee880000,0x00000000ef47c9f8,0x00000000ef500000)
  to   space 14336K, 0% used [0x00000000eda80000,0x00000000eda80000,0x00000000ee880000)
 ParOldGen       total 66560K, used 16856K [0x00000000a0000000, 0x00000000a4100000, 0x00000000e0000000)
  object space 66560K, 25% used [0x00000000a0000000,0x00000000a1076090,0x00000000a4100000)
 Metaspace       used 55504K, capacity 57874K, committed 58112K, reserved 1099776K
  class space    used 7328K, capacity 7837K, committed 7936K, reserved 1048576K
Event: 20.396 GC heap after
Heap after GC invocations=13 (full 2):
 PSYoungGen      total 238080K, used 14308K [0x00000000e0000000, 0x00000000f4980000, 0x0000000100000000)
  eden space 223744K, 0% used [0x00000000e0000000,0x00000000e0000000,0x00000000eda80000)
  from space 14336K, 99% used [0x00000000eda80000,0x00000000ee879138,0x00000000ee880000)
  to   space 20480K, 0% used [0x00000000f3580000,0x00000000f3580000,0x00000000f4980000)
 ParOldGen       total 66560K, used 27426K [0x00000000a0000000, 0x00000000a4100000, 0x00000000e0000000)
  object space 66560K, 41% used [0x00000000a0000000,0x00000000a1ac8bd0,0x00000000a4100000)
 Metaspace       used 55504K, capacity 57874K, committed 58112K, reserved 1099776K
  class space    used 7328K, capacity 7837K, committed 7936K, reserved 1048576K
}
Event: 21.297 GC heap before
{Heap before GC invocations=14 (full 2):
 PSYoungGen      total 238080K, used 31665K [0x00000000e0000000, 0x00000000f4980000, 0x0000000100000000)
  eden space 223744K, 7% used [0x00000000e0000000,0x00000000e10f33e8,0x00000000eda80000)
  from space 14336K, 99% used [0x00000000eda80000,0x00000000ee879138,0x00000000ee880000)
  to   space 20480K, 0% used [0x00000000f3580000,0x00000000f3580000,0x00000000f4980000)
 ParOldGen       total 66560K, used 27426K [0x00000000a0000000, 0x00000000a4100000, 0x00000000e0000000)
  object space 66560K, 41% used [0x00000000a0000000,0x00000000a1ac8bd0,0x00000000a4100000)
 Metaspace       used 56625K, capacity 58946K, committed 59096K, reserved 1099776K
  class space    used 7477K, capacity 7975K, committed 8064K, reserved 1048576K
Event: 21.343 GC heap after
Heap after GC invocations=14 (full 2):
 PSYoungGen      total 316928K, used 2038K [0x00000000e0000000, 0x00000000f5980000, 0x0000000100000000)
  eden space 296448K, 0% used [0x00000000e0000000,0x00000000e0000000,0x00000000f2180000)
  from space 20480K, 9% used [0x00000000f3580000,0x00000000f377d9a0,0x00000000f4980000)
  to   space 20480K, 0% used [0x00000000f2180000,0x00000000f2180000,0x00000000f3580000)
 ParOldGen       total 66560K, used 39118K [0x00000000a0000000, 0x00000000a4100000, 0x00000000e0000000)
  object space 66560K, 58% used [0x00000000a0000000,0x00000000a2633808,0x00000000a4100000)
 Metaspace       used 56625K, capacity 58946K, committed 59096K, reserved 1099776K
  class space    used 7477K, capacity 7975K, committed 8064K, reserved 1048576K
}
Event: 21.343 GC heap before
{Heap before GC invocations=15 (full 3):
 PSYoungGen      total 316928K, used 2038K [0x00000000e0000000, 0x00000000f5980000, 0x0000000100000000)
  eden space 296448K, 0% used [0x00000000e0000000,0x00000000e0000000,0x00000000f2180000)
  from space 20480K, 9% used [0x00000000f3580000,0x00000000f377d9a0,0x00000000f4980000)
  to   space 20480K, 0% used [0x00000000f2180000,0x00000000f2180000,0x00000000f3580000)
 ParOldGen       total 66560K, used 39118K [0x00000000a0000000, 0x00000000a4100000, 0x00000000e0000000)
  object space 66560K, 58% used [0x00000000a0000000,0x00000000a2633808,0x00000000a4100000)
 Metaspace       used 56625K, capacity 58946K, committed 59096K, reserved 1099776K
  class space    used 7477K, capacity 7975K, committed 8064K, reserved 1048576K
Event: 21.972 GC heap after
Heap after GC invocations=15 (full 3):
 PSYoungGen      total 316928K, used 0K [0x00000000e0000000, 0x00000000f5980000, 0x0000000100000000)
  eden space 296448K, 0% used [0x00000000e0000000,0x00000000e0000000,0x00000000f2180000)
  from space 20480K, 0% used [0x00000000f3580000,0x00000000f3580000,0x00000000f4980000)
  to   space 20480K, 0% used [0x00000000f2180000,0x00000000f2180000,0x00000000f3580000)
 ParOldGen       total 104448K, used 32513K [0x00000000a0000000, 0x00000000a6600000, 0x00000000e0000000)
  object space 104448K, 31% used [0x00000000a0000000,0x00000000a1fc06e8,0x00000000a6600000)
 Metaspace       used 56553K, capacity 58718K, committed 59096K, reserved 1099776K
  class space    used 7457K, capacity 7917K, committed 8064K, reserved 1048576K
}

Deoptimization events (10 events):
Event: 28.367 Thread 0x000000001ad25000 Uncommon trap: reason=speculate_class_check action=maybe_recompile pc=0x00000000033480e8 method=com.google.common.collect.AbstractIndexedListIterator.next()Ljava/lang/Object; @ 27
Event: 28.369 Thread 0x000000001ad25000 Uncommon trap: reason=speculate_class_check action=maybe_recompile pc=0x00000000033480e8 method=com.google.common.collect.AbstractIndexedListIterator.next()Ljava/lang/Object; @ 27
Event: 28.369 Thread 0x000000001ad25000 Uncommon trap: reason=speculate_class_check action=maybe_recompile pc=0x00000000033480e8 method=com.google.common.collect.AbstractIndexedListIterator.next()Ljava/lang/Object; @ 27
Event: 28.369 Thread 0x000000001ad25000 Uncommon trap: reason=speculate_class_check action=maybe_recompile pc=0x00000000033480e8 method=com.google.common.collect.AbstractIndexedListIterator.next()Ljava/lang/Object; @ 27
Event: 28.398 Thread 0x000000001a43b000 Uncommon trap: reason=array_check action=maybe_recompile pc=0x0000000003ecdf38 method=com.google.common.collect.ImmutableSet.construct(I[Ljava/lang/Object;)Lcom/google/common/collect/ImmutableSet; @ 122
Event: 28.402 Thread 0x000000001a43b000 Uncommon trap: reason=array_check action=maybe_recompile pc=0x0000000003ecdf38 method=com.google.common.collect.ImmutableSet.construct(I[Ljava/lang/Object;)Lcom/google/common/collect/ImmutableSet; @ 122
Event: 28.402 Thread 0x000000001a43b000 Uncommon trap: reason=array_check action=maybe_recompile pc=0x0000000003ecdf38 method=com.google.common.collect.ImmutableSet.construct(I[Ljava/lang/Object;)Lcom/google/common/collect/ImmutableSet; @ 122
Event: 28.509 Thread 0x000000001a43b000 Uncommon trap: reason=array_check action=maybe_recompile pc=0x0000000003ecdf38 method=com.google.common.collect.ImmutableSet.construct(I[Ljava/lang/Object;)Lcom/google/common/collect/ImmutableSet; @ 122
Event: 28.528 Thread 0x000000001b12c000 Uncommon trap: reason=bimorphic action=maybe_recompile pc=0x0000000002e61d64 method=java.io.DataOutputStream.writeShort(I)V @ 12
Event: 28.540 Thread 0x000000001a438000 Uncommon trap: reason=bimorphic action=maybe_recompile pc=0x0000000002e61d64 method=java.io.DataOutputStream.writeShort(I)V @ 12

Classes redefined (0 events):
No events

Internal exceptions (10 events):
Event: 28.700 Thread 0x000000001a43b000 Exception <a 'java/lang/ClassNotFoundException': org/gradle/process/internal/DefaultExecActionCustomizer> (0x00000000edeab988) thrown at [C:\src\AOSP-openjdk-git\hotspot\src\share\vm\classfile\systemDictionary.cpp, line 210]
Event: 28.703 Thread 0x000000001a43b000 Exception <a 'java/lang/ClassNotFoundException': org/gradle/process/internal/DefaultExecAction_DecoratedCustomizer> (0x00000000edef9090) thrown at [C:\src\AOSP-openjdk-git\hotspot\src\share\vm\classfile\systemDictionary.cpp, line 210]
Event: 28.708 Thread 0x000000001a43b000 Exception <a 'java/lang/ClassNotFoundException': org/gradle/api/logging/LogLevelBeanInfo> (0x00000000edf5e048) thrown at [C:\src\AOSP-openjdk-git\hotspot\src\share\vm\classfile\systemDictionary.cpp, line 210]
Event: 28.709 Thread 0x000000001a43b000 Exception <a 'java/lang/ClassNotFoundException': java/lang/EnumBeanInfo> (0x00000000edf67cf0) thrown at [C:\src\AOSP-openjdk-git\hotspot\src\share\vm\classfile\systemDictionary.cpp, line 210]
Event: 28.710 Thread 0x000000001a43b000 Exception <a 'java/lang/ClassNotFoundException': java/lang/EnumCustomizer> (0x00000000edf71e20) thrown at [C:\src\AOSP-openjdk-git\hotspot\src\share\vm\classfile\systemDictionary.cpp, line 210]
Event: 28.713 Thread 0x000000001a43b000 Exception <a 'java/lang/ClassNotFoundException': org/gradle/api/logging/LogLevelCustomizer> (0x00000000edfa9e18) thrown at [C:\src\AOSP-openjdk-git\hotspot\src\share\vm\classfile\systemDictionary.cpp, line 210]
Event: 28.716 Thread 0x000000001a43b000 Exception <a 'java/lang/ClassNotFoundException': org/gradle/internal/logging/compatbridge/LoggingManagerInternalCompatibilityBridgeBeanInfo> (0x00000000ee02de58) thrown at [C:\src\AOSP-openjdk-git\hotspot\src\share\vm\classfile\systemDictionary.cpp, line 
Event: 28.717 Thread 0x000000001a43b000 Exception <a 'java/lang/ClassNotFoundException': org/gradle/internal/logging/compatbridge/LoggingManagerInternalCompatibilityBridgeCustomizer> (0x00000000ee082e20) thrown at [C:\src\AOSP-openjdk-git\hotspot\src\share\vm\classfile\systemDictionary.cpp, lin
Event: 32.931 Thread 0x00000000207ae800 StackOverflowError at 0x00000000034f8ce0
Event: 32.931 Thread 0x00000000207ae800 Exception <a 'java/lang/StackOverflowError'> (0x00000000ee184ff8) thrown at [C:\src\AOSP-openjdk-git\hotspot\src\share\vm\runtime\sharedRuntime.cpp, line 605]

Events (10 events):
Event: 28.748 Thread 0x0000000018455800 flushing nmethod 0x000000000390d9d0
Event: 28.748 Thread 0x0000000018455800 flushing nmethod 0x00000000039104d0
Event: 28.749 Thread 0x0000000018455800 flushing nmethod 0x00000000039bda90
Event: 28.758 loading class java/lang/ProcessImpl$2
Event: 28.758 loading class java/lang/ProcessImpl$2 done
Event: 28.759 loading class org/gradle/process/internal/streams/ExecOutputHandleRunner
Event: 28.759 loading class org/gradle/process/internal/streams/ExecOutputHandleRunner done
Event: 28.764 Thread 0x00000000207ae800 Thread added: 0x00000000207ae800
Event: 28.764 Thread 0x00000000207af800 Thread added: 0x00000000207af800
Event: 32.932 loading class java/lang/Throwable$WrappedPrintWriter


Dynamic libraries:
0x00007ff72c640000 - 0x00007ff72c671000 	C:\Program Files\Android\Android Studio\jre\bin\java.exe
0x00007ffc0edd0000 - 0x00007ffc0efc5000 	C:\WINDOWS\SYSTEM32\ntdll.dll
0x00007ffc0dd30000 - 0x00007ffc0dded000 	C:\WINDOWS\System32\KERNEL32.DLL
0x00007ffc0c510000 - 0x00007ffc0c7d8000 	C:\WINDOWS\System32\KERNELBASE.dll
0x00007ffc0da20000 - 0x00007ffc0dacc000 	C:\WINDOWS\System32\ADVAPI32.dll
0x00007ffc0ded0000 - 0x00007ffc0df6e000 	C:\WINDOWS\System32\msvcrt.dll
0x00007ffc0e720000 - 0x00007ffc0e7bb000 	C:\WINDOWS\System32\sechost.dll
0x00007ffc0e7c0000 - 0x00007ffc0e8eb000 	C:\WINDOWS\System32\RPCRT4.dll
0x00007ffc0ebf0000 - 0x00007ffc0ed90000 	C:\WINDOWS\System32\USER32.dll
0x00007ffc0cbf0000 - 0x00007ffc0cc12000 	C:\WINDOWS\System32\win32u.dll
0x00007ffc0dd00000 - 0x00007ffc0dd2a000 	C:\WINDOWS\System32\GDI32.dll
0x00007ffc0cc20000 - 0x00007ffc0cd2b000 	C:\WINDOWS\System32\gdi32full.dll
0x00007ffc0c890000 - 0x00007ffc0c92d000 	C:\WINDOWS\System32\msvcp_win.dll
0x00007ffc0c990000 - 0x00007ffc0ca90000 	C:\WINDOWS\System32\ucrtbase.dll
0x00007ffbfdeb0000 - 0x00007ffbfe14a000 	C:\WINDOWS\WinSxS\amd64_microsoft.windows.common-controls_6595b64144ccf1df_6.0.19041.1052_none_60b8f8fd71f5e8cb\COMCTL32.dll
0x00007ffc0eab0000 - 0x00007ffc0eae0000 	C:\WINDOWS\System32\IMM32.DLL
0x00000000663f0000 - 0x00000000664c2000 	C:\Program Files\Android\Android Studio\jre\jre\bin\msvcr100.dll
0x00000000665b0000 - 0x0000000066dfb000 	C:\Program Files\Android\Android Studio\jre\jre\bin\server\jvm.dll
0x00007ffc0da10000 - 0x00007ffc0da18000 	C:\WINDOWS\System32\PSAPI.DLL
0x00007ffbf7db0000 - 0x00007ffbf7db9000 	C:\WINDOWS\SYSTEM32\WSOCK32.dll
0x00007ffc0df70000 - 0x00007ffc0dfdb000 	C:\WINDOWS\System32\WS2_32.dll
0x00007ffc043c0000 - 0x00007ffc043ca000 	C:\WINDOWS\SYSTEM32\VERSION.dll
0x00007ffc02b50000 - 0x00007ffc02b77000 	C:\WINDOWS\SYSTEM32\WINMM.dll
0x00007ffc079a0000 - 0x00007ffc079af000 	C:\Program Files\Android\Android Studio\jre\jre\bin\verify.dll
0x00007ffc076e0000 - 0x00007ffc07709000 	C:\Program Files\Android\Android Studio\jre\jre\bin\java.dll
0x00007ffc076c0000 - 0x00007ffc076d6000 	C:\Program Files\Android\Android Studio\jre\jre\bin\zip.dll
0x00007ffc0d2d0000 - 0x00007ffc0da0f000 	C:\WINDOWS\System32\SHELL32.dll
0x00007ffc0a660000 - 0x00007ffc0adf0000 	C:\WINDOWS\SYSTEM32\windows.storage.dll
0x00007ffc0cf70000 - 0x00007ffc0d2c5000 	C:\WINDOWS\System32\combase.dll
0x00007ffc0beb0000 - 0x00007ffc0bedc000 	C:\WINDOWS\SYSTEM32\Wldp.dll
0x00007ffc0e950000 - 0x00007ffc0e9fe000 	C:\WINDOWS\System32\SHCORE.dll
0x00007ffc0dad0000 - 0x00007ffc0db25000 	C:\WINDOWS\System32\shlwapi.dll
0x00007ffc0c450000 - 0x00007ffc0c46f000 	C:\WINDOWS\SYSTEM32\profapi.dll
0x00007ffc061b0000 - 0x00007ffc061ca000 	C:\Program Files\Android\Android Studio\jre\jre\bin\net.dll
0x00007ffc0bc20000 - 0x00007ffc0bc8a000 	C:\WINDOWS\system32\mswsock.dll
0x00007ffc05ec0000 - 0x00007ffc05ed3000 	C:\Program Files\Android\Android Studio\jre\jre\bin\nio.dll
0x00007ffc057c0000 - 0x00007ffc057e6000 	C:\Users\acer\.gradle\native\fdc75f09e3144964f2cf3f50f0aa648679c211496f362492102eb8c894070792\windows-amd64\native-platform.dll
0x00007ffbe7860000 - 0x00007ffbe79f1000 	C:\Users\acer\.gradle\native\12488b8bf47d2d4c9fbf2f6322a914ad602e24e48041cd04a747c6da556b65c4\windows-amd64\native-platform-file-events.dll
0x00007ffc061a0000 - 0x00007ffc061ad000 	C:\Program Files\Android\Android Studio\jre\jre\bin\management.dll
0x00007ffc0bdf0000 - 0x00007ffc0be08000 	C:\WINDOWS\SYSTEM32\CRYPTSP.dll
0x00007ffc0b5c0000 - 0x00007ffc0b5f4000 	C:\WINDOWS\system32\rsaenh.dll
0x00007ffc0cd30000 - 0x00007ffc0cd57000 	C:\WINDOWS\System32\bcrypt.dll
0x00007ffc0c410000 - 0x00007ffc0c43e000 	C:\WINDOWS\SYSTEM32\USERENV.dll
0x00007ffc0cd60000 - 0x00007ffc0cde3000 	C:\WINDOWS\System32\bcryptprimitives.dll
0x00007ffc0be10000 - 0x00007ffc0be1c000 	C:\WINDOWS\SYSTEM32\CRYPTBASE.dll
0x00007ffc0b910000 - 0x00007ffc0b94b000 	C:\WINDOWS\SYSTEM32\IPHLPAPI.DLL
0x00007ffc0dce0000 - 0x00007ffc0dce8000 	C:\WINDOWS\System32\NSI.dll
0x00007ffc05040000 - 0x00007ffc05057000 	C:\WINDOWS\SYSTEM32\dhcpcsvc6.DLL
0x00007ffc05470000 - 0x00007ffc0548d000 	C:\WINDOWS\SYSTEM32\dhcpcsvc.DLL
0x00007ffc0b950000 - 0x00007ffc0ba1c000 	C:\WINDOWS\SYSTEM32\DNSAPI.dll
0x00007ffc05760000 - 0x00007ffc0576b000 	C:\WINDOWS\SYSTEM32\WINNSI.DLL

VM Arguments:
jvm_args: -Xmx1536M -Dfile.encoding=windows-1252 -Duser.country=US -Duser.language=en -Duser.variant 
java_command: org.gradle.launcher.daemon.bootstrap.GradleDaemon 6.7
java_class_path (initial): C:\Users\acer\.gradle\wrapper\dists\gradle-6.7-all\cuy9mc7upwgwgeb72wkcrupxe\gradle-6.7\lib\gradle-launcher-6.7.jar
Launcher Type: SUN_STANDARD

Environment Variables:
JAVA_HOME=C:\Program Files\Android\Android Studio\jre
CLASSPATH=C:\Users\acer\AndroidStudioProjects\sandhya_garments\android\\gradle\wrapper\gradle-wrapper.jar
PATH=C:\WINDOWS\system32;C:\WINDOWS;C:\WINDOWS\System32\Wbem;C:\WINDOWS\System32\WindowsPowerShell\v1.0\;C:\WINDOWS\System32\OpenSSH\;D:\flutter_windows_2.0.6-stable\flutter\bin;C:\Program Files\Android\Android Studio\jre\jre\bin;C:\Program Files\Git\cmd;C:\Users\acer\AppData\Local\Programs\Python\Python39\Scripts\;C:\Users\acer\AppData\Local\Programs\Python\Python39\;C:\Users\acer\AppData\Local\Microsoft\WindowsApps;;C:\Users\acer\AppData\Local\Programs\Microsoft VS Code\bin;D:\flutter_windows_2.0.6-stable\flutter\bin\mingit\cmd
USERNAME=acer
OS=Windows_NT
PROCESSOR_IDENTIFIER=AMD64 Family 23 Model 24 Stepping 1, AuthenticAMD



---------------  S Y S T E M  ---------------

OS: Windows 10.0 , 64 bit Build 19041 (10.0.19041.1023)

CPU:total 8 (initial active 8) (8 cores per cpu, 1 threads per core) family 23 model 24 stepping 1, cmov, cx8, fxsr, mmx, sse, sse2, sse3, ssse3, sse4.1, sse4.2, popcnt, avx, avx2, aes, clmul, mmxext, 3dnowpref, lzcnt, sse4a, tsc, tscinvbit, tscinv, bmi1

Memory: 4k page, physical 6228620k(261508k free), swap 25102988k(42172k free)

vm_info: OpenJDK 64-Bit Server VM (25.242-b01) for windows-amd64 JRE (1.8.0_242-release-1644-b01), built by "builder" with MS VC++ 10.0 (VS2010)

time: Wed Jul 07 10:45:02 2021
timezone: India Standard Time
elapsed time: 33 seconds (0d 0h 0m 33s)

